2024-04-15 23:01:25,555 INFO  [org.jboss.as.server] (main) WFLYSRV0240: ProcessController has signalled to shut down; shutting down
2024-04-15 23:01:39,175 INFO  [org.jboss.as.server] (Thread-1) WFLYSRV0272: Suspending server
2024-04-15 23:01:47,828 INFO  [org.jboss.as.ejb3] (Thread-1) WFLYEJB0493: Jakarta Enterprise Beans subsystem suspension complete
2024-04-15 23:02:11,727 INFO  [org.jboss.as.connector.subsystems.datasources] (MSC service thread 1-3) WFLYJCA0010: Unbound data source [java:jboss/datasources/ExampleDS]
2024-04-15 23:02:11,786 INFO  [org.jboss.as.mail.extension] (MSC service thread 1-7) WFLYMAIL0002: Unbound mail session [java:jboss/mail/Default]
2024-04-15 23:02:11,786 INFO  [org.jboss.as.connector.deployment] (MSC service thread 1-7) WFLYJCA0119: Unbinding connection factory named java:/JmsXA to alias java:jboss/DefaultJMSConnectionFactory
2024-04-15 23:02:11,859 INFO  [org.jboss.as.connector.deployment] (MSC service thread 1-7) WFLYJCA0011: Unbound Jakarta Connectors ConnectionFactory [java:/JmsXA]
2024-04-15 23:02:11,903 INFO  [org.wildfly.extension.undertow] (MSC service thread 1-8) WFLYUT0019: Host default-host stopping
2024-04-15 23:02:11,937 INFO  [org.infinispan.manager.DefaultCacheManager] (ServerService Thread Pool -- 238) Stopping cache manager null on host2-Slave:server-two
2024-04-15 23:02:11,937 INFO  [org.infinispan.manager.DefaultCacheManager] (ServerService Thread Pool -- 241) Stopping cache manager null on host2-Slave:server-two
2024-04-15 23:02:12,029 INFO  [org.wildfly.extension.undertow] (MSC service thread 1-7) WFLYUT0008: Undertow HTTPS listener https suspending
2024-04-15 23:02:11,937 INFO  [org.infinispan.manager.DefaultCacheManager] (ServerService Thread Pool -- 239) Stopping cache manager null on host2-Slave:server-two
2024-04-15 23:02:12,042 INFO  [org.wildfly.extension.undertow] (MSC service thread 1-7) WFLYUT0007: Undertow HTTPS listener https stopped, was bound to 127.0.0.1:8693
2024-04-15 23:02:11,937 INFO  [org.infinispan.manager.DefaultCacheManager] (ServerService Thread Pool -- 240) Stopping cache manager null on host2-Slave:server-two
2024-04-15 23:02:12,647 INFO  [org.jboss.as.connector.deployers.jdbc] (MSC service thread 1-2) WFLYJCA0019: Stopped Driver service with driver-name = h2
2024-04-15 23:02:12,861 INFO  [org.infinispan.CLUSTER] (ServerService Thread Pool -- 238) ISPN000080: Disconnecting JGroups channel ejb
2024-04-15 23:02:12,861 INFO  [org.infinispan.CLUSTER] (ServerService Thread Pool -- 241) ISPN000080: Disconnecting JGroups channel ejb
2024-04-15 23:02:12,861 INFO  [org.infinispan.CLUSTER] (ServerService Thread Pool -- 240) ISPN000080: Disconnecting JGroups channel ejb
2024-04-15 23:02:12,861 INFO  [org.infinispan.CLUSTER] (ServerService Thread Pool -- 239) ISPN000080: Disconnecting JGroups channel ejb
2024-04-15 23:02:13,613 INFO  [org.wildfly.extension.undertow] (MSC service thread 1-4) WFLYUT0008: Undertow AJP listener ajp suspending
2024-04-15 23:02:13,613 INFO  [org.jboss.modcluster] (ServerService Thread Pool -- 236) MODCLUSTER000002: Initiating mod_cluster shutdown
2024-04-15 23:02:13,613 INFO  [org.wildfly.extension.undertow] (MSC service thread 1-4) WFLYUT0007: Undertow AJP listener ajp stopped, was bound to 127.0.0.1:8259
2024-04-15 23:02:14,596 INFO  [org.apache.activemq.artemis.ra] (ServerService Thread Pool -- 243) AMQ151003: resource adaptor stopped
2024-04-15 23:02:19,799 ERROR [stderr] (activemq-buffer-timeout) Exception in thread "activemq-buffer-timeout" org.apache.activemq.artemis.api.core.ActiveMQInterruptedException: java.lang.InterruptedException
2024-04-15 23:02:19,799 ERROR [stderr] (activemq-buffer-timeout) 	at org.apache.activemq.artemis.journal//org.apache.activemq.artemis.core.io.buffer.TimedBuffer$CheckTimer.run(TimedBuffer.java:484)
2024-04-15 23:02:19,800 ERROR [stderr] (activemq-buffer-timeout) 	at java.base/java.lang.Thread.run(Thread.java:842)
2024-04-15 23:02:19,800 ERROR [stderr] (activemq-buffer-timeout) Caused by: java.lang.InterruptedException
2024-04-15 23:02:19,800 ERROR [stderr] (activemq-buffer-timeout) 	at java.base/java.util.concurrent.locks.AbstractQueuedSynchronizer.acquireSharedInterruptibly(AbstractQueuedSynchronizer.java:1048)
2024-04-15 23:02:19,800 ERROR [stderr] (activemq-buffer-timeout) 	at java.base/java.util.concurrent.Semaphore.acquire(Semaphore.java:318)
2024-04-15 23:02:19,800 ERROR [stderr] (activemq-buffer-timeout) 	at org.apache.activemq.artemis.journal//org.apache.activemq.artemis.core.io.buffer.TimedBuffer$CheckTimer.run(TimedBuffer.java:478)
2024-04-15 23:02:19,800 ERROR [stderr] (activemq-buffer-timeout) 	... 1 more
2024-04-15 23:02:20,530 INFO  [org.apache.activemq.artemis.core.server] (ServerService Thread Pool -- 243) AMQ221002: Apache ActiveMQ Artemis Message Broker version 2.16.0.redhat-00022 [4cfe6203-f709-11ee-99c8-005056b6c053] stopped, uptime 3 days 23 hours
2024-04-15 23:02:20,709 INFO  [org.wildfly.extension.undertow] (MSC service thread 1-8) WFLYUT0008: Undertow HTTP listener default suspending
2024-04-15 23:02:20,709 INFO  [org.wildfly.extension.undertow] (MSC service thread 1-8) WFLYUT0007: Undertow HTTP listener default stopped, was bound to 127.0.0.1:8330
2024-04-15 23:02:20,842 INFO  [org.wildfly.extension.undertow] (MSC service thread 1-8) WFLYUT0004: Undertow 2.2.5.Final-redhat-00001 stopping
2024-04-15 23:02:24,192 INFO  [org.jboss.as] (MSC service thread 1-6) WFLYSRV0050: JBoss EAP 7.4.0.GA (WildFly Core 15.0.2.Final-redhat-00001) stopped in 35738ms
