2024-04-15 23:02:11,946 INFO  [org.jboss.as.server] (main) WFLYSRV0240: ProcessController has signalled to shut down; shutting down
2024-04-15 23:02:13,072 INFO  [org.jboss.as.server] (Thread-1) WFLYSRV0272: Suspending server
2024-04-15 23:02:13,277 INFO  [org.jboss.as.ejb3] (Thread-1) WFLYEJB0493: Jakarta Enterprise Beans subsystem suspension complete
2024-04-15 23:02:16,356 INFO  [org.jboss.as.mail.extension] (MSC service thread 1-7) WFLYMAIL0002: Unbound mail session [java:jboss/mail/Default]
2024-04-15 23:02:16,453 INFO  [org.infinispan.manager.DefaultCacheManager] (ServerService Thread Pool -- 306) Stopping cache manager null on host1-Slave:server-two
2024-04-15 23:02:16,453 INFO  [org.infinispan.manager.DefaultCacheManager] (ServerService Thread Pool -- 307) Stopping cache manager null on host1-Slave:server-two
2024-04-15 23:02:16,453 INFO  [org.infinispan.manager.DefaultCacheManager] (ServerService Thread Pool -- 308) Stopping cache manager null on host1-Slave:server-two
2024-04-15 23:02:16,453 INFO  [org.infinispan.manager.DefaultCacheManager] (ServerService Thread Pool -- 305) Stopping cache manager null on host1-Slave:server-two
2024-04-15 23:02:16,455 INFO  [org.infinispan.CLUSTER] (ServerService Thread Pool -- 306) ISPN000080: Disconnecting JGroups channel ejb
2024-04-15 23:02:16,460 INFO  [org.infinispan.CLUSTER] (ServerService Thread Pool -- 307) ISPN000080: Disconnecting JGroups channel ejb
2024-04-15 23:02:16,461 INFO  [org.infinispan.CLUSTER] (ServerService Thread Pool -- 305) ISPN000080: Disconnecting JGroups channel ejb
2024-04-15 23:02:16,461 INFO  [org.infinispan.CLUSTER] (ServerService Thread Pool -- 308) ISPN000080: Disconnecting JGroups channel ejb
2024-04-15 23:02:16,513 INFO  [org.wildfly.extension.undertow] (MSC service thread 1-1) WFLYUT0019: Host default-host stopping
2024-04-15 23:02:16,513 INFO  [org.wildfly.extension.undertow] (MSC service thread 1-4) WFLYUT0008: Undertow HTTPS listener https suspending
2024-04-15 23:02:16,513 INFO  [org.wildfly.extension.undertow] (MSC service thread 1-4) WFLYUT0007: Undertow HTTPS listener https stopped, was bound to 127.0.0.1:8593
2024-04-15 23:02:16,546 INFO  [org.jboss.as.connector.deployment] (MSC service thread 1-7) WFLYJCA0119: Unbinding connection factory named java:/JmsXA to alias java:jboss/DefaultJMSConnectionFactory
2024-04-15 23:02:16,546 INFO  [org.jboss.as.connector.deployment] (MSC service thread 1-6) WFLYJCA0011: Unbound Jakarta Connectors ConnectionFactory [java:/JmsXA]
2024-04-15 23:02:16,546 INFO  [org.jboss.as.connector.subsystems.datasources] (MSC service thread 1-8) WFLYJCA0010: Unbound data source [java:jboss/datasources/ExampleDS]
2024-04-15 23:02:16,552 INFO  [org.jboss.as.connector.deployers.jdbc] (MSC service thread 1-8) WFLYJCA0019: Stopped Driver service with driver-name = h2
2024-04-15 23:02:17,555 INFO  [org.apache.activemq.artemis.ra] (ServerService Thread Pool -- 310) AMQ151003: resource adaptor stopped
2024-04-15 23:02:19,117 INFO  [org.wildfly.extension.undertow] (MSC service thread 1-1) WFLYUT0008: Undertow AJP listener ajp suspending
2024-04-15 23:02:19,117 INFO  [org.jboss.modcluster] (ServerService Thread Pool -- 300) MODCLUSTER000002: Initiating mod_cluster shutdown
2024-04-15 23:02:19,117 INFO  [org.wildfly.extension.undertow] (MSC service thread 1-1) WFLYUT0007: Undertow AJP listener ajp stopped, was bound to 127.0.0.1:8159
2024-04-15 23:02:20,501 ERROR [stderr] (activemq-buffer-timeout) Exception in thread "activemq-buffer-timeout" org.apache.activemq.artemis.api.core.ActiveMQInterruptedException: java.lang.InterruptedException
2024-04-15 23:02:20,502 ERROR [stderr] (activemq-buffer-timeout) 	at org.apache.activemq.artemis.journal//org.apache.activemq.artemis.core.io.buffer.TimedBuffer$CheckTimer.run(TimedBuffer.java:484)
2024-04-15 23:02:20,502 ERROR [stderr] (activemq-buffer-timeout) 	at java.base/java.lang.Thread.run(Thread.java:842)
2024-04-15 23:02:20,502 ERROR [stderr] (activemq-buffer-timeout) Caused by: java.lang.InterruptedException
2024-04-15 23:02:20,503 ERROR [stderr] (activemq-buffer-timeout) 	at java.base/java.util.concurrent.locks.AbstractQueuedSynchronizer.acquireSharedInterruptibly(AbstractQueuedSynchronizer.java:1048)
2024-04-15 23:02:20,503 ERROR [stderr] (activemq-buffer-timeout) 	at java.base/java.util.concurrent.Semaphore.acquire(Semaphore.java:318)
2024-04-15 23:02:20,503 ERROR [stderr] (activemq-buffer-timeout) 	at org.apache.activemq.artemis.journal//org.apache.activemq.artemis.core.io.buffer.TimedBuffer$CheckTimer.run(TimedBuffer.java:478)
2024-04-15 23:02:20,503 ERROR [stderr] (activemq-buffer-timeout) 	... 1 more
2024-04-15 23:02:21,822 INFO  [org.apache.activemq.artemis.core.server] (ServerService Thread Pool -- 294) AMQ221002: Apache ActiveMQ Artemis Message Broker version 2.16.0.redhat-00022 [67be2ed9-f708-11ee-b33f-005056b6c053] stopped, uptime 3 days 23 hours
2024-04-15 23:02:21,918 INFO  [org.wildfly.extension.undertow] (MSC service thread 1-2) WFLYUT0008: Undertow HTTP listener default suspending
2024-04-15 23:02:21,919 INFO  [org.wildfly.extension.undertow] (MSC service thread 1-2) WFLYUT0007: Undertow HTTP listener default stopped, was bound to 127.0.0.1:8230
2024-04-15 23:02:21,979 INFO  [org.wildfly.extension.undertow] (MSC service thread 1-8) WFLYUT0004: Undertow 2.2.5.Final-redhat-00001 stopping
2024-04-15 23:02:23,281 INFO  [org.jboss.as] (MSC service thread 1-7) WFLYSRV0050: JBoss EAP 7.4.0.GA (WildFly Core 15.0.2.Final-redhat-00001) stopped in 9963ms
